<?xml version="1.0" encoding="UTF-8"?>
<testsuite xmlns:xsi="http://www.w3.org/2001/XMLSchema-instance" xsi:noNamespaceSchemaLocation="https://maven.apache.org/surefire/maven-surefire-plugin/xsd/surefire-test-report.xsd" name="PasswortValidiererTest" time="0.019" tests="22" errors="0" skipped="0" failures="0">
  <properties>
    <property name="java.specification.version" value="19"/>
    <property name="sun.jnu.encoding" value="UTF-8"/>
    <property name="java.class.path" value="/Users/robinschatzl/Documents/MyFirstJavaApp/MyFirstGitHub/Passwortvalidierung/target/test-classes:/Users/robinschatzl/Documents/MyFirstJavaApp/MyFirstGitHub/Passwortvalidierung/target/classes:/Users/robinschatzl/.m2/repository/org/junit/jupiter/junit-jupiter/5.8.1/junit-jupiter-5.8.1.jar:/Users/robinschatzl/.m2/repository/org/junit/jupiter/junit-jupiter-api/5.8.1/junit-jupiter-api-5.8.1.jar:/Users/robinschatzl/.m2/repository/org/opentest4j/opentest4j/1.2.0/opentest4j-1.2.0.jar:/Users/robinschatzl/.m2/repository/org/junit/platform/junit-platform-commons/1.8.1/junit-platform-commons-1.8.1.jar:/Users/robinschatzl/.m2/repository/org/apiguardian/apiguardian-api/1.1.2/apiguardian-api-1.1.2.jar:/Users/robinschatzl/.m2/repository/org/junit/jupiter/junit-jupiter-params/5.8.1/junit-jupiter-params-5.8.1.jar:/Users/robinschatzl/.m2/repository/org/junit/jupiter/junit-jupiter-engine/5.8.1/junit-jupiter-engine-5.8.1.jar:/Users/robinschatzl/.m2/repository/org/junit/platform/junit-platform-engine/1.8.1/junit-platform-engine-1.8.1.jar:"/>
    <property name="java.vm.vendor" value="Oracle Corporation"/>
    <property name="sun.arch.data.model" value="64"/>
    <property name="java.vendor.url" value="https://java.oracle.com/"/>
    <property name="os.name" value="Mac OS X"/>
    <property name="java.vm.specification.version" value="19"/>
    <property name="sun.java.launcher" value="SUN_STANDARD"/>
    <property name="user.country" value="DE"/>
    <property name="sun.boot.library.path" value="/Users/robinschatzl/Library/Java/JavaVirtualMachines/openjdk-19.0.2/Contents/Home/lib"/>
    <property name="sun.java.command" value="/Users/robinschatzl/Documents/MyFirstJavaApp/MyFirstGitHub/Passwortvalidierung/target/surefire/surefirebooter18373067691952649672.jar /Users/robinschatzl/Documents/MyFirstJavaApp/MyFirstGitHub/Passwortvalidierung/target/surefire 2023-03-03T18-57-35_868-jvmRun1 surefire12303745657766307645tmp surefire_015581788243705075113tmp"/>
    <property name="http.nonProxyHosts" value="local|*.local|169.254/16|*.169.254/16"/>
    <property name="jdk.debug" value="release"/>
    <property name="surefire.test.class.path" value="/Users/robinschatzl/Documents/MyFirstJavaApp/MyFirstGitHub/Passwortvalidierung/target/test-classes:/Users/robinschatzl/Documents/MyFirstJavaApp/MyFirstGitHub/Passwortvalidierung/target/classes:/Users/robinschatzl/.m2/repository/org/junit/jupiter/junit-jupiter/5.8.1/junit-jupiter-5.8.1.jar:/Users/robinschatzl/.m2/repository/org/junit/jupiter/junit-jupiter-api/5.8.1/junit-jupiter-api-5.8.1.jar:/Users/robinschatzl/.m2/repository/org/opentest4j/opentest4j/1.2.0/opentest4j-1.2.0.jar:/Users/robinschatzl/.m2/repository/org/junit/platform/junit-platform-commons/1.8.1/junit-platform-commons-1.8.1.jar:/Users/robinschatzl/.m2/repository/org/apiguardian/apiguardian-api/1.1.2/apiguardian-api-1.1.2.jar:/Users/robinschatzl/.m2/repository/org/junit/jupiter/junit-jupiter-params/5.8.1/junit-jupiter-params-5.8.1.jar:/Users/robinschatzl/.m2/repository/org/junit/jupiter/junit-jupiter-engine/5.8.1/junit-jupiter-engine-5.8.1.jar:/Users/robinschatzl/.m2/repository/org/junit/platform/junit-platform-engine/1.8.1/junit-platform-engine-1.8.1.jar:"/>
    <property name="sun.cpu.endian" value="little"/>
    <property name="user.home" value="/Users/robinschatzl"/>
    <property name="user.language" value="de"/>
    <property name="java.specification.vendor" value="Oracle Corporation"/>
    <property name="java.version.date" value="2023-01-17"/>
    <property name="java.home" value="/Users/robinschatzl/Library/Java/JavaVirtualMachines/openjdk-19.0.2/Contents/Home"/>
    <property name="file.separator" value="/"/>
    <property name="basedir" value="/Users/robinschatzl/Documents/MyFirstJavaApp/MyFirstGitHub/Passwortvalidierung"/>
    <property name="java.vm.compressedOopsMode" value="Zero based"/>
    <property name="line.separator" value="&#10;"/>
    <property name="java.vm.specification.vendor" value="Oracle Corporation"/>
    <property name="java.specification.name" value="Java Platform API Specification"/>
    <property name="apple.awt.application.name" value="ForkedBooter"/>
    <property name="surefire.real.class.path" value="/Users/robinschatzl/Documents/MyFirstJavaApp/MyFirstGitHub/Passwortvalidierung/target/surefire/surefirebooter18373067691952649672.jar"/>
    <property name="sun.management.compiler" value="HotSpot 64-Bit Tiered Compilers"/>
    <property name="ftp.nonProxyHosts" value="local|*.local|169.254/16|*.169.254/16"/>
    <property name="java.runtime.version" value="19.0.2+7-44"/>
    <property name="user.name" value="robinschatzl"/>
    <property name="stdout.encoding" value="UTF-8"/>
    <property name="path.separator" value=":"/>
    <property name="os.version" value="13.2.1"/>
    <property name="java.runtime.name" value="OpenJDK Runtime Environment"/>
    <property name="file.encoding" value="UTF-8"/>
    <property name="java.vm.name" value="OpenJDK 64-Bit Server VM"/>
    <property name="localRepository" value="/Users/robinschatzl/.m2/repository"/>
    <property name="java.vendor.url.bug" value="https://bugreport.java.com/bugreport/"/>
    <property name="java.io.tmpdir" value="/var/folders/xc/hyjnnq7s357crvlm2lszqgv00000gn/T/"/>
    <property name="idea.version" value="2022.3.2"/>
    <property name="java.version" value="19.0.2"/>
    <property name="user.dir" value="/Users/robinschatzl/Documents/MyFirstJavaApp/MyFirstGitHub/Passwortvalidierung"/>
    <property name="os.arch" value="aarch64"/>
    <property name="java.vm.specification.name" value="Java Virtual Machine Specification"/>
    <property name="native.encoding" value="UTF-8"/>
    <property name="java.library.path" value="/Users/robinschatzl/Library/Java/Extensions:/Library/Java/Extensions:/Network/Library/Java/Extensions:/System/Library/Java/Extensions:/usr/lib/java:."/>
    <property name="java.vm.info" value="mixed mode, sharing"/>
    <property name="stderr.encoding" value="UTF-8"/>
    <property name="java.vendor" value="Oracle Corporation"/>
    <property name="java.vm.version" value="19.0.2+7-44"/>
    <property name="sun.io.unicode.encoding" value="UnicodeBig"/>
    <property name="socksNonProxyHosts" value="local|*.local|169.254/16|*.169.254/16"/>
    <property name="java.class.version" value="63.0"/>
  </properties>
  <testcase name="checkCorrectPw1" classname="PasswortValidiererTest" time="0.009"/>
  <testcase name="checkCamelCaseUpAndLow" classname="PasswortValidiererTest" time="0"/>
  <testcase name="checkCamelCaseLow" classname="PasswortValidiererTest" time="0"/>
  <testcase name="checkWrongPwToShortRS" classname="PasswortValidiererTest" time="0.001"/>
  <testcase name="checkCamelCaseV1_2Low" classname="PasswortValidiererTest" time="0"/>
  <testcase name="checkWrongPwToLongRS" classname="PasswortValidiererTest" time="0"/>
  <testcase name="checkCamelCaseUp" classname="PasswortValidiererTest" time="0"/>
  <testcase name="stimmtPasswortLaengeJA" classname="PasswortValidiererTest" time="0"/>
  <testcase name="checkWrongPwToWeakRS" classname="PasswortValidiererTest" time="0.001"/>
  <testcase name="checkDigitOrNot_ifNoFalse" classname="PasswortValidiererTest" time="0"/>
  <testcase name="checkCamelCaseV1_2Up" classname="PasswortValidiererTest" time="0"/>
  <testcase name="checkDigitIrNotV2Test_WithDigitMusstBeTrue" classname="PasswortValidiererTest" time="0.001"/>
  <testcase name="checkDigitOrNot_ifYesTrue" classname="PasswortValidiererTest" time="0"/>
  <testcase name="checkWrongPwNoLowwerCaseRS" classname="PasswortValidiererTest" time="0"/>
  <testcase name="checkDigitIrNotV2Test_WithNoDigitMusstBeFalse" classname="PasswortValidiererTest" time="0"/>
  <testcase name="checkWrongPw1" classname="PasswortValidiererTest" time="0"/>
  <testcase name="checkIfPwContainsBadString1" classname="PasswortValidiererTest" time="0.001"/>
  <testcase name="checkIfPwContainsBadString2" classname="PasswortValidiererTest" time="0.001"/>
  <testcase name="checkIfPwContainsBadString3" classname="PasswortValidiererTest" time="0"/>
  <testcase name="checkWrongPwNoUpperCaseRS" classname="PasswortValidiererTest" time="0"/>
  <testcase name="stimmtPasswortLaengeNEIN" classname="PasswortValidiererTest" time="0.001"/>
  <testcase name="checkCamelCaseV1_2UpAndLow" classname="PasswortValidiererTest" time="0"/>
</testsuite>